<?xml version="1.0" encoding="UTF-8"?>
<!-- Generated by org.testng.reporters.JUnitXMLReporter -->
<testsuite ignored="1" hostname="DESKTOP-KJ400B0" failures="0" tests="3" name="Default test" time="0.031" errors="0" timestamp="2022-09-26T10:09:40 IST">
  <testcase classname="com.service.OperationTest" name="divTest" time="0.006"/>
  <testcase classname="com.service.OperationTest" name="mulTest" time="0.0"/>
  <testcase classname="com.service.OperationTest" name="subTest" time="0.001"/>
  <testcase classname="com.service.OperationTest" name="addTest" time="0.0">
    <ignored/>
  </testcase> <!-- addTest -->
</testsuite> <!-- Default test -->
