<?xml version="1.0" encoding="UTF-8"?>
<!-- Generated by org.testng.reporters.JUnitXMLReporter -->
<testsuite ignored="4" hostname="DESKTOP-KJ400B0" failures="0" tests="0" time="0.006" errors="0" timestamp="2022-09-27T10:35:43 IST">
  <testcase classname="com.service.OperationTest" name="addTest" time="0.0">
    <ignored/>
  </testcase> <!-- addTest -->
  <testcase classname="com.service.OperationTest" name="mulTest" time="0.0">
    <ignored/>
  </testcase> <!-- mulTest -->
  <testcase classname="com.service.OperationTest" name="subTest" time="0.0">
    <ignored/>
  </testcase> <!-- subTest -->
  <testcase classname="com.service.OperationTest" name="divTest" time="0.0">
    <ignored/>
  </testcase> <!-- divTest -->
</testsuite>
