<?xml version="1.0" encoding="UTF-8"?>
<testng-results ignored="1" total="4" passed="3" failed="0" skipped="0">
  <reporter-output>
  </reporter-output>
  <suite started-at="2022-09-26T10:09:40 IST" name="Default suite" finished-at="2022-09-26T10:09:40 IST" duration-ms="31">
    <groups>
    </groups>
    <test started-at="2022-09-26T10:09:40 IST" name="Default test" finished-at="2022-09-26T10:09:40 IST" duration-ms="31">
      <class name="com.service.OperationTest">
        <test-method signature="divTest()[pri:0, instance:com.service.OperationTest@8c3b9d]" started-at="2022-09-26T10:09:40 IST" name="divTest" finished-at="2022-09-26T10:09:40 IST" duration-ms="6" status="PASS">
          <reporter-output>
          </reporter-output>
        </test-method> <!-- divTest -->
        <test-method signature="mulTest()[pri:0, instance:com.service.OperationTest@8c3b9d]" started-at="2022-09-26T10:09:40 IST" name="mulTest" finished-at="2022-09-26T10:09:40 IST" duration-ms="0" status="PASS">
          <reporter-output>
          </reporter-output>
        </test-method> <!-- mulTest -->
        <test-method signature="subTest()[pri:0, instance:com.service.OperationTest@8c3b9d]" started-at="2022-09-26T10:09:40 IST" name="subTest" finished-at="2022-09-26T10:09:40 IST" duration-ms="1" status="PASS">
          <reporter-output>
          </reporter-output>
        </test-method> <!-- subTest -->
      </class> <!-- com.service.OperationTest -->
    </test> <!-- Default test -->
  </suite> <!-- Default suite -->
</testng-results>
