<?xml version="1.0" encoding="UTF-8"?>
<testng-results ignored="3" total="4" passed="1" failed="0" skipped="0">
  <reporter-output>
  </reporter-output>
  <suite started-at="2022-09-26T10:52:49 IST" name="Default suite" finished-at="2022-09-26T10:52:49 IST" duration-ms="547">
    <groups>
    </groups>
    <test started-at="2022-09-26T10:52:49 IST" name="Default test" finished-at="2022-09-26T10:52:49 IST" duration-ms="547">
      <class name="com.service.AccountServiceTest">
        <test-method signature="createAccountTest()[pri:0, instance:com.service.AccountServiceTest@192c3f1e]" started-at="2022-09-26T10:52:49 IST" name="createAccountTest" finished-at="2022-09-26T10:52:49 IST" duration-ms="513" status="PASS">
          <reporter-output>
          </reporter-output>
        </test-method> <!-- createAccountTest -->
      </class> <!-- com.service.AccountServiceTest -->
    </test> <!-- Default test -->
  </suite> <!-- Default suite -->
</testng-results>
