<?xml version="1.0" encoding="UTF-8"?>
<!-- Generated by org.testng.reporters.JUnitXMLReporter -->
<testsuite ignored="3" hostname="DESKTOP-KJ400B0" failures="0" tests="3" name="VehicleTesting" time="0.031" errors="0" timestamp="2022-09-27T10:12:04 IST">
  <testcase classname="com.service.CarTest" name="mailge" time="0.006"/>
  <testcase classname="com.service.CarTest" name="speed" time="0.0"/>
  <testcase classname="com.service.BikeTest" name="speed" time="0.0"/>
  <testcase classname="com.service.BikeTest" name="mailge" time="0.0">
    <ignored/>
  </testcase> <!-- mailge -->
  <testcase classname="com.service.CarTest" name="color" time="0.0">
    <ignored/>
  </testcase> <!-- color -->
  <testcase classname="com.service.BikeTest" name="color" time="0.0">
    <ignored/>
  </testcase> <!-- color -->
</testsuite> <!-- VehicleTesting -->
