<?xml version="1.0" encoding="UTF-8"?>
<!-- Generated by org.testng.reporters.JUnitXMLReporter -->
<testsuite ignored="2" hostname="DESKTOP-KJ400B0" failures="0" tests="2" name="MyTest" time="0.036" errors="0" timestamp="2022-09-27T10:36:54 IST">
  <testcase classname="com.service.HookTestingMethods" name="f2" time="0.005"/>
  <testcase classname="com.service.SampleTest" name="f1" time="0.002"/>
  <testcase classname="com.service.HookTestingMethods" name="f1" time="0.0">
    <ignored/>
  </testcase> <!-- f1 -->
  <testcase classname="com.service.SampleTest" name="f2" time="0.0">
    <ignored/>
  </testcase> <!-- f2 -->
</testsuite> <!-- MyTest -->
