<?xml version="1.0" encoding="UTF-8"?>
<!-- Generated by org.testng.reporters.JUnitXMLReporter -->
<testsuite ignored="1" hostname="DESKTOP-KJ400B0" failures="0" tests="3" name="OperationTest" time="0.032" errors="0" timestamp="2022-09-27T10:36:55 IST">
  <testcase classname="com.service.OperationTest" name="divTest" time="0.03"/>
  <testcase classname="com.service.OperationTest" name="mulTest" time="0.0"/>
  <testcase classname="com.service.OperationTest" name="subTest" time="0.0"/>
  <testcase classname="com.service.OperationTest" name="addTest" time="0.0">
    <ignored/>
  </testcase> <!-- addTest -->
</testsuite> <!-- OperationTest -->
