<?xml version="1.0" encoding="UTF-8"?>
<!-- Generated by org.testng.reporters.JUnitXMLReporter -->
<testsuite ignored="0" hostname="DESKTOP-KJ400B0" failures="0" tests="6" name="VehicleTesting" time="0.02" errors="0" timestamp="2022-09-27T10:36:54 IST">
  <testcase classname="com.service.CarTest" name="color" time="0.001"/>
  <testcase classname="com.service.CarTest" name="mailge" time="0.002"/>
  <testcase classname="com.service.CarTest" name="speed" time="0.002"/>
  <testcase classname="com.service.BikeTest" name="color" time="0.001"/>
  <testcase classname="com.service.BikeTest" name="mailge" time="0.001"/>
  <testcase classname="com.service.BikeTest" name="speed" time="0.001"/>
</testsuite> <!-- VehicleTesting -->
