<?xml version="1.0" encoding="UTF-8"?>
<testng-results ignored="0" total="1" passed="1" failed="0" skipped="0">
  <reporter-output>
  </reporter-output>
  <suite started-at="2022-09-28T12:15:02 IST" name="Default suite" finished-at="2022-09-28T12:15:16 IST" duration-ms="13462">
    <groups>
    </groups>
    <test started-at="2022-09-28T12:15:02 IST" name="Default test" finished-at="2022-09-28T12:15:16 IST" duration-ms="13462">
      <class name="com.testin.GooglePageTest">
        <test-method is-config="true" signature="beforeMethod()[pri:0, instance:com.testin.GooglePageTest@169e6180]" started-at="2022-09-28T12:15:02 IST" name="beforeMethod" finished-at="2022-09-28T12:15:04 IST" duration-ms="2171" status="PASS">
          <reporter-output>
          </reporter-output>
        </test-method> <!-- beforeMethod -->
        <test-method signature="googlePageTest()[pri:0, instance:com.testin.GooglePageTest@169e6180]" started-at="2022-09-28T12:15:04 IST" name="googlePageTest" finished-at="2022-09-28T12:15:16 IST" duration-ms="11267" status="PASS">
          <reporter-output>
          </reporter-output>
        </test-method> <!-- googlePageTest -->
        <test-method is-config="true" signature="afterMethod()[pri:0, instance:com.testin.GooglePageTest@169e6180]" started-at="2022-09-28T12:15:16 IST" name="afterMethod" finished-at="2022-09-28T12:15:16 IST" duration-ms="1" status="PASS">
          <reporter-output>
          </reporter-output>
        </test-method> <!-- afterMethod -->
      </class> <!-- com.testin.GooglePageTest -->
    </test> <!-- Default test -->
  </suite> <!-- Default suite -->
</testng-results>
